2026-04-20 19:45:14,862 - dataset_name: Cora
2026-04-20 19:45:14,862 - learn_temp: True
2026-04-20 19:45:14,862 - temp_model: Linear
2026-04-20 19:45:14,862 - tau0: 0.1
2026-04-20 19:45:14,862 - temp: 0.05
2026-04-20 19:45:14,862 - max_epochs: 300
2026-04-20 19:45:14,863 - lr: 0.005
2026-04-20 19:45:14,863 - weight_decay: 0.0005
2026-04-20 19:45:14,863 - dropout: 0.5
2026-04-20 19:45:14,863 - env_model: MEAN
2026-04-20 19:45:14,863 - env_num_layers: 2
2026-04-20 19:45:14,864 - env_dim: 128
2026-04-20 19:45:14,864 - act_model: ADD
2026-04-20 19:45:14,864 - act_num_layers: 2
2026-04-20 19:45:14,864 - act_dim: 16
2026-04-20 19:45:14,864 - seed: 42
2026-04-20 19:45:14,864 - gpu: 0
2026-04-20 19:45:14,864 - warmup_epochs: 20
2026-04-20 19:45:14,864 - reg_weight: 0.005
2026-04-20 19:45:14,864 - cluster_weight: 0.001

2026-04-20 19:45:33,965 - Split 1: epoch 299, train_loss: 0.00, val_loss: 2.1960, test_loss: 1.8204, train_metric: 1.0000, val_metric: 0.7740, test_metric: 0.7930(0.8310)
2026-04-20 19:45:33,968 - Split 1, train_metric: 0.9643, val_metric: 0.8200, test_metric: 0.8310

2026-04-20 19:45:51,230 - Split 2: epoch 299, train_loss: 0.00, val_loss: 2.2395, test_loss: 1.6994, train_metric: 1.0000, val_metric: 0.7560, test_metric: 0.7930(0.8330)
2026-04-20 19:45:51,234 - Split 2, train_metric: 0.9643, val_metric: 0.8240, test_metric: 0.8330

2026-04-20 19:46:08,679 - Split 3: epoch 299, train_loss: 0.05, val_loss: 0.9876, test_loss: 0.8719, train_metric: 0.9857, val_metric: 0.7560, test_metric: 0.7660(0.8410)
2026-04-20 19:46:08,683 - Split 3, train_metric: 0.9786, val_metric: 0.8100, test_metric: 0.8410

2026-04-20 19:46:26,004 - Split 4: epoch 299, train_loss: 0.00, val_loss: 2.2832, test_loss: 1.9834, train_metric: 1.0000, val_metric: 0.7620, test_metric: 0.7710(0.8310)
2026-04-20 19:46:26,007 - Split 4, train_metric: 0.9643, val_metric: 0.8200, test_metric: 0.8310

2026-04-20 19:46:40,590 - Split 5: epoch 299, train_loss: 0.00, val_loss: 1.8891, test_loss: 1.4852, train_metric: 1.0000, val_metric: 0.7680, test_metric: 0.7840(0.8400)
2026-04-20 19:46:40,592 - Split 5, train_metric: 0.9786, val_metric: 0.8100, test_metric: 0.8400

2026-04-20 19:46:57,400 - Split 6: epoch 299, train_loss: 0.00, val_loss: 2.1507, test_loss: 1.6883, train_metric: 1.0000, val_metric: 0.7740, test_metric: 0.7890(0.8410)
2026-04-20 19:46:57,403 - Split 6, train_metric: 0.9786, val_metric: 0.8100, test_metric: 0.8410

2026-04-20 19:47:14,368 - Split 7: epoch 299, train_loss: 0.00, val_loss: 1.1890, test_loss: 1.0203, train_metric: 1.0000, val_metric: 0.7860, test_metric: 0.8110(0.8310)
2026-04-20 19:47:14,372 - Split 7, train_metric: 0.9643, val_metric: 0.8200, test_metric: 0.8310

2026-04-20 19:47:31,911 - Split 8: epoch 299, train_loss: 0.00, val_loss: 2.0908, test_loss: 1.7561, train_metric: 1.0000, val_metric: 0.7840, test_metric: 0.7790(0.8320)
2026-04-20 19:47:31,914 - Split 8, train_metric: 0.9643, val_metric: 0.8200, test_metric: 0.8320

2026-04-20 19:47:48,796 - Split 9: epoch 299, train_loss: 0.00, val_loss: 1.2761, test_loss: 1.1124, train_metric: 1.0000, val_metric: 0.7960, test_metric: 0.8190(0.8320)
2026-04-20 19:47:48,799 - Split 9, train_metric: 0.9643, val_metric: 0.8220, test_metric: 0.8320

2026-04-20 19:48:05,935 - Split 10: epoch 299, train_loss: 0.00, val_loss: 2.1793, test_loss: 1.6558, train_metric: 1.0000, val_metric: 0.7720, test_metric: 0.8080(0.8370)
2026-04-20 19:48:05,940 - Split 10, train_metric: 0.9786, val_metric: 0.8140, test_metric: 0.8370

2026-04-20 19:48:05,947 - Final metric: 0.8349 ˇŔ 0.0041
