2026-05-15 19:05:27,140 - ====================================================================================================
2026-05-15 19:05:27,140 - dataset_name: CiteSeer
2026-05-15 19:05:27,140 - learn_temp: True
2026-05-15 19:05:27,140 - tau0: 0.1
2026-05-15 19:05:27,140 - temp: 0.05
2026-05-15 19:05:27,140 - max_epochs: 100
2026-05-15 19:05:27,140 - lr: 0.005
2026-05-15 19:05:27,140 - weight_decay: 0.0005
2026-05-15 19:05:27,140 - dropout: 0.5
2026-05-15 19:05:27,140 - env_model: MEAN
2026-05-15 19:05:27,140 - env_num_layers: 2
2026-05-15 19:05:27,140 - env_dim: 128
2026-05-15 19:05:27,140 - act_model: MEAN
2026-05-15 19:05:27,140 - act_num_layers: 2
2026-05-15 19:05:27,140 - act_dim: 16
2026-05-15 19:05:27,140 - seed: 42
2026-05-15 19:05:27,140 - gpu: 0
2026-05-15 19:05:27,140 - reg_weight: 0.01
2026-05-15 19:05:34,523 - Split 1: epoch 99, train_loss: 0.00, val_loss: 3.7001, test_loss: 3.4634, train_metric: 1.0000, val_metric: 0.6540, test_metric: 0.6600(0.6930)
2026-05-15 19:05:34,524 - Split 1, train_metric: 0.9167, val_metric: 0.7040, test_metric: 0.6930

2026-05-15 19:05:39,016 - Split 2: epoch 99, train_loss: 0.00, val_loss: 3.6135, test_loss: 3.4851, train_metric: 1.0000, val_metric: 0.6540, test_metric: 0.6600(0.6920)
2026-05-15 19:05:39,018 - Split 2, train_metric: 0.9167, val_metric: 0.7040, test_metric: 0.6920

