2026-05-15 18:08:27,730 - ====================================================================================================
2026-05-15 18:08:27,730 - dataset_name: cora
2026-05-15 18:08:27,730 - learn_temp: True
2026-05-15 18:08:27,730 - tau0: 0.1
2026-05-15 18:08:27,730 - temp: 0.05
2026-05-15 18:08:27,730 - max_epochs: 200
2026-05-15 18:08:27,730 - lr: 0.005
2026-05-15 18:08:27,730 - weight_decay: 0.0005
2026-05-15 18:08:27,730 - dropout: 0.5
2026-05-15 18:08:27,730 - env_model: MEAN
2026-05-15 18:08:27,730 - env_num_layers: 2
2026-05-15 18:08:27,731 - env_dim: 128
2026-05-15 18:08:27,731 - act_model: MEAN
2026-05-15 18:08:27,731 - act_num_layers: 2
2026-05-15 18:08:27,731 - act_dim: 16
2026-05-15 18:08:27,731 - seed: 66
2026-05-15 18:08:27,731 - gpu: 0
2026-05-15 18:08:27,731 - reg_weight: 0.001
2026-05-15 18:08:46,427 - Split 1: epoch 199, train_loss: 0.00, val_loss: 2.1127, test_loss: 1.8002, train_metric: 1.0000, val_metric: 0.7840, test_metric: 0.7880(0.8200)
2026-05-15 18:08:46,429 - Split 1, train_metric: 0.9929, val_metric: 0.8000, test_metric: 0.8200

