2026-05-13 19:32:20,232 - ====================================================================================================
2026-05-13 19:32:20,232 - dataset_name: roman-empire
2026-05-13 19:32:20,232 - learn_temp: True
2026-05-13 19:32:20,232 - temp_model: Linear
2026-05-13 19:32:20,232 - tau0: 0.1
2026-05-13 19:32:20,232 - temp: 0.01
2026-05-13 19:32:20,232 - max_epochs: 3000
2026-05-13 19:32:20,232 - lr: 0.003
2026-05-13 19:32:20,232 - weight_decay: 0
2026-05-13 19:32:20,232 - dropout: 0.2
2026-05-13 19:32:20,232 - env_model: MEAN
2026-05-13 19:32:20,232 - env_num_layers: 5
2026-05-13 19:32:20,233 - env_dim: 128
2026-05-13 19:32:20,233 - layer_norm: True
2026-05-13 19:32:20,233 - dec_num_layers: 1
2026-05-13 19:32:20,233 - act_model: MEAN
2026-05-13 19:32:20,233 - act_num_layers: 3
2026-05-13 19:32:20,233 - act_dim: 8
2026-05-13 19:32:20,233 - seed: 42
2026-05-13 19:32:20,233 - gpu: 0
2026-05-13 19:32:20,233 - warmup_epochs: 50
2026-05-13 19:32:20,233 - reg_weight: 0.005
2026-05-13 19:32:20,233 - cluster_weight: 0.001
