2026-05-01 21:21:26,751 - ====================================================================================================
2026-05-01 21:21:26,751 - dataset_name: cora
2026-05-01 21:21:26,751 - learn_temp: True
2026-05-01 21:21:26,751 - temp_model: Linear
2026-05-01 21:21:26,751 - tau0: 0.1
2026-05-01 21:21:26,751 - temp: 0.05
2026-05-01 21:21:26,751 - max_epochs: 500
2026-05-01 21:21:26,751 - lr: 0.005
2026-05-01 21:21:26,751 - weight_decay: 0.0005
2026-05-01 21:21:26,751 - dropout: 0.5
2026-05-01 21:21:26,751 - env_model: MEAN
2026-05-01 21:21:26,752 - env_num_layers: 2
2026-05-01 21:21:26,752 - env_dim: 128
2026-05-01 21:21:26,752 - act_model: MEAN
2026-05-01 21:21:26,752 - act_num_layers: 2
2026-05-01 21:21:26,752 - act_dim: 16
2026-05-01 21:21:26,757 - seed: 0
2026-05-01 21:21:26,757 - gpu: 0
2026-05-01 21:21:26,757 - warmup_epochs: 20
2026-05-01 21:21:26,757 - reg_weight: 0.005
2026-05-01 21:21:26,757 - cluster_weight: 0.001

2026-05-01 21:21:49,316 - Split 1: epoch 499, train_loss: 0.00, val_loss: 1.3901, test_loss: 1.4203, train_metric: 1.0000, val_metric: 0.8492, test_metric: 0.8410(0.8410)
2026-05-01 21:21:49,320 - Split 1, train_metric: 1.0000, val_metric: 0.8543, test_metric: 0.8410

2026-05-01 21:22:11,129 - Split 2: epoch 499, train_loss: 0.00, val_loss: 1.4852, test_loss: 1.3735, train_metric: 1.0000, val_metric: 0.8442, test_metric: 0.8511(0.8793)
2026-05-01 21:22:11,133 - Split 2, train_metric: 0.9681, val_metric: 0.8719, test_metric: 0.8793

2026-05-01 21:22:33,189 - Split 3: epoch 499, train_loss: 0.00, val_loss: 1.6540, test_loss: 1.4810, train_metric: 1.0000, val_metric: 0.8304, test_metric: 0.8451(0.8612)
2026-05-01 21:22:33,194 - Split 3, train_metric: 1.0000, val_metric: 0.8593, test_metric: 0.8612

2026-05-01 21:22:55,472 - Split 4: epoch 499, train_loss: 0.00, val_loss: 1.5200, test_loss: 1.5120, train_metric: 1.0000, val_metric: 0.8392, test_metric: 0.8350(0.8431)
2026-05-01 21:22:55,477 - Split 4, train_metric: 1.0000, val_metric: 0.8568, test_metric: 0.8431

2026-05-01 21:23:17,719 - Split 5: epoch 499, train_loss: 0.00, val_loss: 1.4079, test_loss: 1.3658, train_metric: 1.0000, val_metric: 0.8467, test_metric: 0.8612(0.8551)
2026-05-01 21:23:17,724 - Split 5, train_metric: 0.9547, val_metric: 0.8706, test_metric: 0.8551

2026-05-01 21:23:39,808 - Split 6: epoch 499, train_loss: 0.00, val_loss: 1.3948, test_loss: 1.6343, train_metric: 1.0000, val_metric: 0.8580, test_metric: 0.8310(0.8270)
2026-05-01 21:23:39,813 - Split 6, train_metric: 1.0000, val_metric: 0.8769, test_metric: 0.8270

2026-05-01 21:24:01,919 - Split 7: epoch 499, train_loss: 0.00, val_loss: 1.5494, test_loss: 1.5674, train_metric: 1.0000, val_metric: 0.8367, test_metric: 0.8390(0.8390)
2026-05-01 21:24:01,923 - Split 7, train_metric: 1.0000, val_metric: 0.8580, test_metric: 0.8390

2026-05-01 21:24:23,944 - Split 8: epoch 499, train_loss: 0.00, val_loss: 1.4407, test_loss: 1.3920, train_metric: 1.0000, val_metric: 0.8430, test_metric: 0.8551(0.8672)
2026-05-01 21:24:23,949 - Split 8, train_metric: 0.9614, val_metric: 0.8719, test_metric: 0.8672

2026-05-01 21:24:46,350 - Split 9: epoch 499, train_loss: 0.00, val_loss: 1.5275, test_loss: 1.3827, train_metric: 1.0000, val_metric: 0.8405, test_metric: 0.8551(0.8431)
2026-05-01 21:24:46,354 - Split 9, train_metric: 1.0000, val_metric: 0.8568, test_metric: 0.8431

2026-05-01 21:25:08,108 - Split 10: epoch 499, train_loss: 0.00, val_loss: 1.5123, test_loss: 1.5561, train_metric: 1.0000, val_metric: 0.8442, test_metric: 0.8350(0.8370)
2026-05-01 21:25:08,113 - Split 10, train_metric: 1.0000, val_metric: 0.8543, test_metric: 0.8370

2026-05-01 21:25:08,113 - Final metric: 0.8493 ˇŔ 0.0151
