2026-05-04 17:40:55,913 - ====================================================================================================
2026-05-04 17:40:55,913 - dataset_name: Computers
2026-05-04 17:40:55,913 - learn_temp: True
2026-05-04 17:40:55,913 - tau0: 0.1
2026-05-04 17:40:55,913 - temp: 0.05
2026-05-04 17:40:55,913 - max_epochs: 500
2026-05-04 17:40:55,913 - lr: 0.005
2026-05-04 17:40:55,913 - weight_decay: 5e-06
2026-05-04 17:40:55,913 - dropout: 0.3
2026-05-04 17:40:55,913 - env_model: MEAN
2026-05-04 17:40:55,913 - env_num_layers: 2
2026-05-04 17:40:55,913 - env_dim: 128
2026-05-04 17:40:55,913 - act_model: ADD
2026-05-04 17:40:55,913 - act_num_layers: 2
2026-05-04 17:40:55,913 - act_dim: 16
2026-05-04 17:40:55,913 - seed: 42
2026-05-04 17:40:55,913 - gpu: 0
2026-05-04 17:40:55,913 - warmup_epochs: 50
2026-05-04 17:40:55,913 - reg_weight: 0.005
2026-05-04 17:40:55,913 - cluster_weight: 0.001
