2026-05-14 15:43:43,666 - ====================================================================================================
2026-05-14 15:43:43,666 - dataset_name: cora
2026-05-14 15:43:43,666 - learn_temp: True
2026-05-14 15:43:43,666 - tau0: 0.1
2026-05-14 15:43:43,666 - temp: 0.05
2026-05-14 15:43:43,666 - max_epochs: 500
2026-05-14 15:43:43,666 - lr: 0.005
2026-05-14 15:43:43,666 - weight_decay: 0.0005
2026-05-14 15:43:43,667 - dropout: 0.5
2026-05-14 15:43:43,667 - env_model: MEAN
2026-05-14 15:43:43,667 - env_num_layers: 2
2026-05-14 15:43:43,667 - env_dim: 128
2026-05-14 15:43:43,667 - act_model: MEAN
2026-05-14 15:43:43,667 - act_num_layers: 2
2026-05-14 15:43:43,667 - act_dim: 16
2026-05-14 15:43:43,667 - seed: 0
2026-05-14 15:43:43,667 - gpu: 0
2026-05-14 15:43:43,667 - warmup_epochs: 20
2026-05-14 15:43:43,667 - reg_weight: 0.005
2026-05-14 15:43:43,667 - cluster_weight: 0.001
2026-05-14 15:44:36,343 - Split 1: epoch 499, train_loss: 0.08, val_loss: 0.7809, test_loss: 1.0017, train_metric: 0.9782, val_metric: 0.8543, test_metric: 0.8410(0.8431)
2026-05-14 15:44:36,347 - Split 1, train_metric: 0.9203, val_metric: 0.8693, test_metric: 0.8431

