2026-05-03 18:51:13,786 - ====================================================================================================
2026-05-03 18:51:13,786 - dataset_name: Photo
2026-05-03 18:51:13,786 - learn_temp: True
2026-05-03 18:51:13,786 - temp_model: Linear
2026-05-03 18:51:13,786 - tau0: 0.1
2026-05-03 18:51:13,786 - temp: 0.05
2026-05-03 18:51:13,786 - max_epochs: 2000
2026-05-03 18:51:13,786 - lr: 0.005
2026-05-03 18:51:13,786 - weight_decay: 5e-06
2026-05-03 18:51:13,786 - dropout: 0.5
2026-05-03 18:51:13,786 - env_model: MEAN
2026-05-03 18:51:13,786 - env_num_layers: 2
2026-05-03 18:51:13,786 - env_dim: 128
2026-05-03 18:51:13,786 - batch_norm: False
2026-05-03 18:51:13,786 - layer_norm: True
2026-05-03 18:51:13,786 - dec_num_layers: 1
2026-05-03 18:51:13,786 - act_model: MEAN
2026-05-03 18:51:13,786 - act_num_layers: 2
2026-05-03 18:51:13,787 - act_dim: 16
2026-05-03 18:51:13,787 - seed: 0
2026-05-03 18:51:13,787 - gpu: 0
2026-05-03 18:51:13,787 - warmup_epochs: 50
2026-05-03 18:51:13,787 - reg_weight: 0.005
2026-05-03 18:51:13,787 - cluster_weight: 0.001
