2026-05-15 19:09:45,570 - ====================================================================================================
2026-05-15 19:09:45,570 - dataset_name: CiteSeer
2026-05-15 19:09:45,570 - learn_temp: True
2026-05-15 19:09:45,570 - tau0: 0.1
2026-05-15 19:09:45,570 - temp: 0.05
2026-05-15 19:09:45,570 - max_epochs: 100
2026-05-15 19:09:45,570 - lr: 0.005
2026-05-15 19:09:45,570 - weight_decay: 0.0005
2026-05-15 19:09:45,570 - dropout: 0.5
2026-05-15 19:09:45,570 - env_model: MEAN
2026-05-15 19:09:45,570 - env_num_layers: 2
2026-05-15 19:09:45,570 - env_dim: 128
2026-05-15 19:09:45,570 - act_model: MEAN
2026-05-15 19:09:45,570 - act_num_layers: 2
2026-05-15 19:09:45,570 - act_dim: 16
2026-05-15 19:09:45,570 - seed: 42
2026-05-15 19:09:45,570 - gpu: 0
2026-05-15 19:09:45,571 - reg_weight: 0.01
2026-05-15 19:09:58,335 - Split 1: epoch 99, train_loss: 0.00, val_loss: 1.7390, test_loss: 1.7581, train_metric: 1.0000, val_metric: 0.6960, test_metric: 0.6770(0.7220)
2026-05-15 19:09:58,337 - Split 1, train_metric: 0.8750, val_metric: 0.7220, test_metric: 0.7220

2026-05-15 19:10:10,153 - Split 2: epoch 99, train_loss: 0.00, val_loss: 1.7415, test_loss: 1.7512, train_metric: 1.0000, val_metric: 0.6940, test_metric: 0.6870(0.7220)
2026-05-15 19:10:10,155 - Split 2, train_metric: 0.8750, val_metric: 0.7220, test_metric: 0.7220

2026-05-15 19:10:22,393 - Split 3: epoch 99, train_loss: 0.00, val_loss: 1.7401, test_loss: 1.7499, train_metric: 1.0000, val_metric: 0.6940, test_metric: 0.6870(0.7220)
2026-05-15 19:10:22,395 - Split 3, train_metric: 0.8750, val_metric: 0.7220, test_metric: 0.7220

