2026-05-18 21:59:18,157 - ====================================================================================================
2026-05-18 21:59:18,157 - dataset_name: cora
2026-05-18 21:59:18,157 - learn_temp: True
2026-05-18 21:59:18,157 - tau0: 0.1
2026-05-18 21:59:18,157 - temp: 0.05
2026-05-18 21:59:18,157 - max_epochs: 600
2026-05-18 21:59:18,157 - lr: 0.005
2026-05-18 21:59:18,157 - weight_decay: 0.0005
2026-05-18 21:59:18,157 - dropout: 0.5
2026-05-18 21:59:18,157 - env_model: MEAN
2026-05-18 21:59:18,157 - env_num_layers: 2
2026-05-18 21:59:18,157 - env_dim: 128
2026-05-18 21:59:18,158 - act_model: MEAN
2026-05-18 21:59:18,158 - act_num_layers: 2
2026-05-18 21:59:18,158 - act_dim: 16
2026-05-18 21:59:18,158 - seed: 66
2026-05-18 21:59:18,158 - gpu: 0
2026-05-18 21:59:18,158 - reg_weight: 0.07
2026-05-18 21:59:18,158 - k: 10
2026-05-18 21:59:18,158 - alpha: 0.1
2026-05-18 21:59:18,158 - iter: 0
2026-05-18 21:59:18,158 - patience: 200
