2026-05-18 21:43:36,732 - ====================================================================================================
2026-05-18 21:43:36,732 - dataset_name: roman-empire
2026-05-18 21:43:36,732 - learn_temp: True
2026-05-18 21:43:36,733 - temp_model: Linear
2026-05-18 21:43:36,733 - tau0: 0.1
2026-05-18 21:43:36,733 - temp: 0.01
2026-05-18 21:43:36,733 - max_epochs: 3000
2026-05-18 21:43:36,733 - lr: 0.003
2026-05-18 21:43:36,733 - weight_decay: 0
2026-05-18 21:43:36,733 - dropout: 0.2
2026-05-18 21:43:36,733 - env_model: MEAN
2026-05-18 21:43:36,733 - env_num_layers: 5
2026-05-18 21:43:36,733 - env_dim: 128
2026-05-18 21:43:36,733 - layer_norm: True
2026-05-18 21:43:36,733 - dec_num_layers: 1
2026-05-18 21:43:36,733 - act_model: MEAN
2026-05-18 21:43:36,733 - act_num_layers: 3
2026-05-18 21:43:36,733 - act_dim: 8
2026-05-18 21:43:36,733 - seed: 42
2026-05-18 21:43:36,733 - gpu: 0
2026-05-18 21:43:36,733 - reg_weight: 0.005
2026-05-18 21:43:36,733 - k: 10
2026-05-18 21:43:36,733 - alpha: 0.1
2026-05-18 21:43:36,733 - iter: 0
2026-05-18 21:43:36,733 - patience: 200
