2026-05-15 19:07:19,129 - ====================================================================================================
2026-05-15 19:07:19,129 - dataset_name: CiteSeer
2026-05-15 19:07:19,129 - learn_temp: True
2026-05-15 19:07:19,129 - tau0: 0.1
2026-05-15 19:07:19,129 - temp: 0.05
2026-05-15 19:07:19,129 - max_epochs: 1000
2026-05-15 19:07:19,129 - lr: 0.005
2026-05-15 19:07:19,129 - weight_decay: 0.0005
2026-05-15 19:07:19,129 - dropout: 0.5
2026-05-15 19:07:19,129 - env_model: MEAN
2026-05-15 19:07:19,129 - env_num_layers: 2
2026-05-15 19:07:19,129 - env_dim: 128
2026-05-15 19:07:19,129 - act_model: MEAN
2026-05-15 19:07:19,129 - act_num_layers: 2
2026-05-15 19:07:19,129 - act_dim: 16
2026-05-15 19:07:19,129 - seed: 42
2026-05-15 19:07:19,129 - gpu: 0
2026-05-15 19:07:19,129 - reg_weight: 0.01
2026-05-15 19:08:03,077 - Split 1: epoch 999, train_loss: 0.00, val_loss: 3.4170, test_loss: 3.3933, train_metric: 1.0000, val_metric: 0.6700, test_metric: 0.6690(0.6980)
2026-05-15 19:08:03,086 - Split 1, train_metric: 1.0000, val_metric: 0.7100, test_metric: 0.6980

2026-05-15 19:08:44,721 - Split 2: epoch 999, train_loss: 0.00, val_loss: 4.6030, test_loss: 4.4494, train_metric: 1.0000, val_metric: 0.5620, test_metric: 0.5780(0.6760)
2026-05-15 19:08:44,729 - Split 2, train_metric: 1.0000, val_metric: 0.6900, test_metric: 0.6760

2026-05-15 19:09:25,894 - Split 3: epoch 999, train_loss: 0.00, val_loss: 3.9442, test_loss: 3.9746, train_metric: 1.0000, val_metric: 0.6480, test_metric: 0.6390(0.6790)
2026-05-15 19:09:25,902 - Split 3, train_metric: 1.0000, val_metric: 0.6840, test_metric: 0.6790

